# JRE version: OpenJDK Runtime Environment Temurin-17.0.6+10 (17.0.6+10) (build 17.0.6+10)
# Java VM: OpenJDK 64-Bit Server VM Temurin-17.0.6+10 (17.0.6+10, mixed mode, tiered, compressed oops, compressed class ptrs, g1 gc, windows-amd64)
GC Precious Log:
 CPUs: 8 total, 8 available
 Memory: 7863M
 Large Page Support: Disabled
 NUMA Support: Disabled
 Compressed Oops: Enabled (32-bit)
 Heap Region Size: 1M
 Heap Min Capacity: 8M
 Heap Initial Capacity: 124M
 Heap Max Capacity: 1966M
 Pre-touch: Disabled
 Parallel Workers: 8
 Concurrent Workers: 2
 Concurrent Refinement Workers: 8
 Periodic GC: Disabled
Heap:
 garbage-first heap   total 267264K, used 129791K [0x0000000085200000, 0x0000000100000000)
  region size 1024K, 7 young (7168K), 7 survivors (7168K)
 Metaspace       used 85269K, committed 86144K, reserved 1130496K
  class space    used 9590K, committed 10048K, reserved 1048576K
GC Heap History (20 events):
Event: 13.660 GC heap after
{Heap after GC invocations=56 (full 0):
 garbage-first heap   total 267264K, used 127777K [0x0000000085200000, 0x0000000100000000)
  region size 1024K, 6 young (6144K), 6 survivors (6144K)
 Metaspace       used 83956K, committed 84864K, reserved 1130496K
  class space    used 9493K, committed 9920K, reserved 1048576K
}
Event: 13.789 GC heap before
{Heap before GC invocations=56 (full 0):
 garbage-first heap   total 267264K, used 225057K [0x0000000085200000, 0x0000000100000000)
  region size 1024K, 101 young (103424K), 6 survivors (6144K)
 Metaspace       used 83957K, committed 84864K, reserved 1130496K
  class space    used 9493K, committed 9920K, reserved 1048576K
}
Event: 13.792 GC heap after
{Heap after GC invocations=57 (full 0):
 garbage-first heap   total 267264K, used 128704K [0x0000000085200000, 0x0000000100000000)
  region size 1024K, 7 young (7168K), 7 survivors (7168K)
 Metaspace       used 83957K, committed 84864K, reserved 1130496K
  class space    used 9493K, committed 9920K, reserved 1048576K
}
Event: 13.951 GC heap before
{Heap before GC invocations=58 (full 0):
 garbage-first heap   total 267264K, used 217792K [0x0000000085200000, 0x0000000100000000)
  region size 1024K, 102 young (104448K), 7 survivors (7168K)
 Metaspace       used 83959K, committed 84864K, reserved 1130496K
  class space    used 9493K, committed 9920K, reserved 1048576K
}
Event: 13.954 GC heap after
{Heap after GC invocations=59 (full 0):
 garbage-first heap   total 267264K, used 122000K [0x0000000085200000, 0x0000000100000000)
  region size 1024K, 9 young (9216K), 9 survivors (9216K)
 Metaspace       used 83959K, committed 84864K, reserved 1130496K
  class space    used 9493K, committed 9920K, reserved 1048576K
}
Event: 13.958 GC heap before
{Heap before GC invocations=59 (full 0):
 garbage-first heap   total 267264K, used 126096K [0x0000000085200000, 0x0000000100000000)
  region size 1024K, 13 young (13312K), 9 survivors (9216K)
 Metaspace       used 83959K, committed 84864K, reserved 1130496K
  class space    used 9493K, committed 9920K, reserved 1048576K
}
Event: 13.962 GC heap after
{Heap after GC invocations=60 (full 0):
 garbage-first heap   total 267264K, used 117015K [0x0000000085200000, 0x0000000100000000)
  region size 1024K, 1 young (1024K), 1 survivors (1024K)
 Metaspace       used 83959K, committed 84864K, reserved 1130496K
  class space    used 9493K, committed 9920K, reserved 1048576K
}
Event: 14.117 GC heap before
{Heap before GC invocations=60 (full 0):
 garbage-first heap   total 267264K, used 224535K [0x0000000085200000, 0x0000000100000000)
  region size 1024K, 106 young (108544K), 1 survivors (1024K)
 Metaspace       used 83959K, committed 84864K, reserved 1130496K
  class space    used 9493K, committed 9920K, reserved 1048576K
}
Event: 14.119 GC heap after
{Heap after GC invocations=61 (full 0):
 garbage-first heap   total 267264K, used 119239K [0x0000000085200000, 0x0000000100000000)
  region size 1024K, 3 young (3072K), 3 survivors (3072K)
 Metaspace       used 83959K, committed 84864K, reserved 1130496K
  class space    used 9493K, committed 9920K, reserved 1048576K
}
Event: 14.334 GC heap before
{Heap before GC invocations=61 (full 0):
 garbage-first heap   total 267264K, used 225735K [0x0000000085200000, 0x0000000100000000)
  region size 1024K, 107 young (109568K), 3 survivors (3072K)
 Metaspace       used 84281K, committed 85248K, reserved 1130496K
  class space    used 9529K, committed 9984K, reserved 1048576K
}
Event: 14.336 GC heap after
{Heap after GC invocations=62 (full 0):
 garbage-first heap   total 267264K, used 120191K [0x0000000085200000, 0x0000000100000000)
  region size 1024K, 4 young (4096K), 4 survivors (4096K)
 Metaspace       used 84281K, committed 85248K, reserved 1130496K
  class space    used 9529K, committed 9984K, reserved 1048576K
}
Event: 14.537 GC heap before
{Heap before GC invocations=62 (full 0):
 garbage-first heap   total 267264K, used 226687K [0x0000000085200000, 0x0000000100000000)
  region size 1024K, 108 young (110592K), 4 survivors (4096K)
 Metaspace       used 84554K, committed 85440K, reserved 1130496K
  class space    used 9532K, committed 9984K, reserved 1048576K
}
Event: 14.539 GC heap after
{Heap after GC invocations=63 (full 0):
 garbage-first heap   total 267264K, used 121429K [0x0000000085200000, 0x0000000100000000)
  region size 1024K, 5 young (5120K), 5 survivors (5120K)
 Metaspace       used 84554K, committed 85440K, reserved 1130496K
  class space    used 9532K, committed 9984K, reserved 1048576K
}
Event: 14.671 GC heap before
{Heap before GC invocations=63 (full 0):
 garbage-first heap   total 267264K, used 228949K [0x0000000085200000, 0x0000000100000000)
  region size 1024K, 110 young (112640K), 5 survivors (5120K)
 Metaspace       used 84560K, committed 85440K, reserved 1130496K
  class space    used 9532K, committed 9984K, reserved 1048576K
}
Event: 14.675 GC heap after
{Heap after GC invocations=64 (full 0):
 garbage-first heap   total 267264K, used 123029K [0x0000000085200000, 0x0000000100000000)
  region size 1024K, 7 young (7168K), 7 survivors (7168K)
 Metaspace       used 84560K, committed 85440K, reserved 1130496K
  class space    used 9532K, committed 9984K, reserved 1048576K
}
Event: 15.097 GC heap before
{Heap before GC invocations=64 (full 0):
 garbage-first heap   total 267264K, used 229525K [0x0000000085200000, 0x0000000100000000)
  region size 1024K, 111 young (113664K), 7 survivors (7168K)
 Metaspace       used 85158K, committed 86080K, reserved 1130496K
  class space    used 9584K, committed 10048K, reserved 1048576K
}
Event: 15.103 GC heap after
{Heap after GC invocations=65 (full 0):
 garbage-first heap   total 267264K, used 125506K [0x0000000085200000, 0x0000000100000000)
  region size 1024K, 9 young (9216K), 9 survivors (9216K)
 Metaspace       used 85158K, committed 86080K, reserved 1130496K
  class space    used 9584K, committed 10048K, reserved 1048576K
}
Event: 15.322 GC heap before
{Heap before GC invocations=65 (full 0):
 garbage-first heap   total 267264K, used 229954K [0x0000000085200000, 0x0000000100000000)
  region size 1024K, 111 young (113664K), 9 survivors (9216K)
 Metaspace       used 85212K, committed 86144K, reserved 1130496K
  class space    used 9587K, committed 10048K, reserved 1048576K
}
Event: 15.327 GC heap after
{Heap after GC invocations=66 (full 0):
 garbage-first heap   total 267264K, used 129033K [0x0000000085200000, 0x0000000100000000)
  region size 1024K, 11 young (11264K), 11 survivors (11264K)
 Metaspace       used 85212K, committed 86144K, reserved 1130496K
  class space    used 9587K, committed 10048K, reserved 1048576K
}
Event: 15.530 GC heap before
{Heap before GC invocations=66 (full 0):
 garbage-first heap   total 267264K, used 227337K [0x0000000085200000, 0x0000000100000000)
  region size 1024K, 107 young (109568K), 11 survivors (11264K)
 Metaspace       used 85269K, committed 86144K, reserved 1130496K
  class space    used 9590K, committed 10048K, reserved 1048576K
}

